Using pre-set license

 COMMAND LINE ARGUMENTS:
/Applications/Unity/Hub/Editor/2020.3.7f1/Unity.app/Contents/MacOS/Unity
-adb2
-batchMode
-noUpm
-name
AssetImportWorker0
-projectPath
/private/var/folders/7z/yrg96lnd38jcrmdmtrpp8j1m0000gn/T/85eaccfe613f1457b9a4f2fd85f7c619
-logFile
Logs/AssetImportWorker0.log
-srvPort
57707
Successfully changed project path to: /private/var/folders/7z/yrg96lnd38jcrmdmtrpp8j1m0000gn/T/85eaccfe613f1457b9a4f2fd85f7c619
/private/var/folders/7z/yrg96lnd38jcrmdmtrpp8j1m0000gn/T/85eaccfe613f1457b9a4f2fd85f7c619
Using Asset Import Pipeline V2.
Refreshing native plugins compatible for Editor in 157.37 ms, found 1 plugins.
Preloading 0 native plugins for Editor in 0.00 ms.
Initialize engine version: 2020.3.7f1 (dd97f2c94397)
[Subsystems] Discovering subsystems at path /Applications/Unity/Hub/Editor/2020.3.7f1/Unity.app/Contents/Resources/UnitySubsystems
[Subsystems] Discovering subsystems at path /private/var/folders/7z/yrg96lnd38jcrmdmtrpp8j1m0000gn/T/85eaccfe613f1457b9a4f2fd85f7c619/Assets
GfxDevice: creating device client; threaded=0
2022-05-04 12:42:38.690 Unity[66174:7852714] Color LCD preferred device: Intel(R) Iris(TM) Plus Graphics (low power)
2022-05-04 12:42:38.691 Unity[66174:7852714] Metal devices available: 1
2022-05-04 12:42:38.691 Unity[66174:7852714] 0: Intel(R) Iris(TM) Plus Graphics (low power)
2022-05-04 12:42:38.692 Unity[66174:7852714] Using device Intel(R) Iris(TM) Plus Graphics (low power)
Initializing Metal device caps: Intel(R) Iris(TM) Plus Graphics
Initialize mono
Mono path[0] = '/Applications/Unity/Hub/Editor/2020.3.7f1/Unity.app/Contents/Managed'
Mono path[1] = '/Applications/Unity/Hub/Editor/2020.3.7f1/Unity.app/Contents/MonoBleedingEdge/lib/mono/unityjit'
Mono config path = '/Applications/Unity/Hub/Editor/2020.3.7f1/Unity.app/Contents/MonoBleedingEdge/etc'
Using monoOptions --debugger-agent=transport=dt_socket,embedding=1,server=y,suspend=n,address=127.0.0.1:56174
Begin MonoManager ReloadAssembly
Registering precompiled unity dll's ...
Register platform support module: /Applications/Unity/Hub/Editor/2020.3.7f1/PlaybackEngines/WebGLSupport/UnityEditor.WebGL.Extensions.dll
Register platform support module: /Applications/Unity/Hub/Editor/2020.3.7f1/Unity.app/Contents/PlaybackEngines/MacStandaloneSupport/UnityEditor.OSXStandalone.Extensions.dll
Register platform support module: /Applications/Unity/Hub/Editor/2020.3.7f1/PlaybackEngines/WindowsStandaloneSupport/UnityEditor.WindowsStandalone.Extensions.dll
Registered in 0.074932 seconds.
Native extension for WindowsStandalone target not found
Native extension for OSXStandalone target not found
Native extension for WebGL target not found
Refreshing native plugins compatible for Editor in 117.27 ms, found 1 plugins.
Preloading 0 native plugins for Editor in 0.00 ms.
Mono: successfully reloaded assembly
- Completed reload, in  5.102 seconds
Platform modules already initialized, skipping
Registering precompiled user dll's ...
Registered in 0.006171 seconds.
Begin MonoManager ReloadAssembly
Native extension for WindowsStandalone target not found
Native extension for OSXStandalone target not found
Native extension for WebGL target not found
Refreshing native plugins compatible for Editor in 0.52 ms, found 1 plugins.
Preloading 0 native plugins for Editor in 0.00 ms.
Mono: successfully reloaded assembly
- Completed reload, in  1.745 seconds
Platform modules already initialized, skipping
========================================================================
Worker process is ready to serve import requests
Launching external process: /Applications/Unity/Hub/Editor/2020.3.7f1/Unity.app/Contents/Tools/UnityShaderCompiler
Launched and connected shader compiler UnityShaderCompiler after 0.02 seconds
Refreshing native plugins compatible for Editor in 0.60 ms, found 1 plugins.
Preloading 0 native plugins for Editor in 0.00 ms.
Unloading 1591 Unused Serialized files (Serialized files now loaded: 0)
System memory in use before: 137.6 MB.
System memory in use after: 137.7 MB.

Unloading 33 unused Assets to reduce memory usage. Loaded Objects now: 2021.
Total: 3.116988 ms (FindLiveObjects: 0.247472 ms CreateObjectMapping: 0.067727 ms MarkObjects: 2.669347 ms  DeleteObjects: 0.128975 ms)

========================================================================
Received Import Request.
  path: Assets/Readme.asset
  artifactKey: Guid(83c2ed844a8c74b779a4c823d16594b1) Importer(815301076,1909f56bfc062723c751e8b465ee728b)
Start importing Assets/Readme.asset using Guid(83c2ed844a8c74b779a4c823d16594b1) Importer(815301076,1909f56bfc062723c751e8b465ee728b)  -> (artifact id: '031c0ac4ab006f1aa8bdf58e4e05aaca') in 0.270647 seconds
  Import took 0.275133 seconds .

========================================================================
Received Import Request.
  Time since last request: 111.585869 seconds.
  path: Assets/TutorialInfo
  artifactKey: Guid(49110bb8dcada46328ad741970bce702) Importer(815301076,1909f56bfc062723c751e8b465ee728b)
Start importing Assets/TutorialInfo using Guid(49110bb8dcada46328ad741970bce702) Importer(815301076,1909f56bfc062723c751e8b465ee728b)  -> (artifact id: 'f8c7bc916f7222963e2659a3cb9313d7') in 0.003928 seconds
  Import took 0.009627 seconds .

========================================================================
Received Import Request.
  Time since last request: 0.023506 seconds.
  path: Assets/TutorialInfo
  artifactKey: Guid(49110bb8dcada46328ad741970bce702) Importer(815301076,1909f56bfc062723c751e8b465ee728b)
Start importing Assets/TutorialInfo using Guid(49110bb8dcada46328ad741970bce702) Importer(815301076,1909f56bfc062723c751e8b465ee728b)  -> (artifact id: 'f8c7bc916f7222963e2659a3cb9313d7') in 0.003716 seconds
  Import took 0.014057 seconds .

========================================================================
Received Import Request.
  Time since last request: 1.345937 seconds.
  path: Assets/CreatorKitFPS_Third-PartyNotice.txt
  artifactKey: Guid(f315a067df1855342958a44cbf699385) Importer(815301076,1909f56bfc062723c751e8b465ee728b)
Start importing Assets/CreatorKitFPS_Third-PartyNotice.txt using Guid(f315a067df1855342958a44cbf699385) Importer(815301076,1909f56bfc062723c751e8b465ee728b)  -> (artifact id: 'c0a286b6507bf31d2dcf958991848a4b') in 3.801734 seconds
  Import took 3.807211 seconds .

========================================================================
Received Import Request.
  Time since last request: 0.000374 seconds.
  path: Assets/Creator Kit - FPS
  artifactKey: Guid(9550a6a361e92a6428985a2ba3139cfc) Importer(815301076,1909f56bfc062723c751e8b465ee728b)
Start importing Assets/Creator Kit - FPS using Guid(9550a6a361e92a6428985a2ba3139cfc) Importer(815301076,1909f56bfc062723c751e8b465ee728b)  -> (artifact id: '2542334cd52afb3808cfc9581cba1fd0') in 0.001569 seconds
  Import took 0.006849 seconds .

